ARM GAS  C:\Users\green\AppData\Local\Temp\ccbjmDDU.s 			page 1


   1              		.cpu cortex-m4
   2              		.arch armv7e-m
   3              		.fpu fpv4-sp-d16
   4              		.eabi_attribute 27, 1
   5              		.eabi_attribute 28, 1
   6              		.eabi_attribute 20, 1
   7              		.eabi_attribute 21, 1
   8              		.eabi_attribute 23, 3
   9              		.eabi_attribute 24, 1
  10              		.eabi_attribute 25, 1
  11              		.eabi_attribute 26, 1
  12              		.eabi_attribute 30, 1
  13              		.eabi_attribute 34, 1
  14              		.eabi_attribute 18, 4
  15              		.file	"adc.c"
  16              		.text
  17              	.Ltext0:
  18              		.cfi_sections	.debug_frame
  19              		.section	.text.MX_ADC1_Init,"ax",%progbits
  20              		.align	1
  21              		.global	MX_ADC1_Init
  22              		.syntax unified
  23              		.thumb
  24              		.thumb_func
  26              	MX_ADC1_Init:
  27              	.LFB216:
  28              		.file 1 "Core/Src/adc.c"
   1:Core/Src/adc.c **** /* USER CODE BEGIN Header */
   2:Core/Src/adc.c **** /**
   3:Core/Src/adc.c ****   ******************************************************************************
   4:Core/Src/adc.c ****   * @file    adc.c
   5:Core/Src/adc.c ****   * @brief   This file provides code for the configuration
   6:Core/Src/adc.c ****   *          of the ADC instances.
   7:Core/Src/adc.c ****   ******************************************************************************
   8:Core/Src/adc.c ****   * @attention
   9:Core/Src/adc.c ****   *
  10:Core/Src/adc.c ****   * Copyright (c) 2022 STMicroelectronics.
  11:Core/Src/adc.c ****   * All rights reserved.
  12:Core/Src/adc.c ****   *
  13:Core/Src/adc.c ****   * This software is licensed under terms that can be found in the LICENSE file
  14:Core/Src/adc.c ****   * in the root directory of this software component.
  15:Core/Src/adc.c ****   * If no LICENSE file comes with this software, it is provided AS-IS.
  16:Core/Src/adc.c ****   *
  17:Core/Src/adc.c ****   ******************************************************************************
  18:Core/Src/adc.c ****   */
  19:Core/Src/adc.c **** /* USER CODE END Header */
  20:Core/Src/adc.c **** /* Includes ------------------------------------------------------------------*/
  21:Core/Src/adc.c **** #include "adc.h"
  22:Core/Src/adc.c **** 
  23:Core/Src/adc.c **** /* USER CODE BEGIN 0 */
  24:Core/Src/adc.c **** 
  25:Core/Src/adc.c **** /* USER CODE END 0 */
  26:Core/Src/adc.c **** 
  27:Core/Src/adc.c **** ADC_HandleTypeDef hadc1;
  28:Core/Src/adc.c **** DMA_HandleTypeDef hdma_adc1;
  29:Core/Src/adc.c **** 
  30:Core/Src/adc.c **** /* ADC1 init function */
ARM GAS  C:\Users\green\AppData\Local\Temp\ccbjmDDU.s 			page 2


  31:Core/Src/adc.c **** void MX_ADC1_Init(void)
  32:Core/Src/adc.c **** {
  29              		.loc 1 32 1 view -0
  30              		.cfi_startproc
  31              		@ args = 0, pretend = 0, frame = 16
  32              		@ frame_needed = 0, uses_anonymous_args = 0
  33 0000 00B5     		push	{lr}
  34              	.LCFI0:
  35              		.cfi_def_cfa_offset 4
  36              		.cfi_offset 14, -4
  37 0002 85B0     		sub	sp, sp, #20
  38              	.LCFI1:
  39              		.cfi_def_cfa_offset 24
  33:Core/Src/adc.c **** 
  34:Core/Src/adc.c ****   /* USER CODE BEGIN ADC1_Init 0 */
  35:Core/Src/adc.c **** 
  36:Core/Src/adc.c ****   /* USER CODE END ADC1_Init 0 */
  37:Core/Src/adc.c **** 
  38:Core/Src/adc.c ****   ADC_ChannelConfTypeDef sConfig = {0};
  40              		.loc 1 38 3 view .LVU1
  41              		.loc 1 38 26 is_stmt 0 view .LVU2
  42 0004 0023     		movs	r3, #0
  43 0006 0093     		str	r3, [sp]
  44 0008 0193     		str	r3, [sp, #4]
  45 000a 0293     		str	r3, [sp, #8]
  46 000c 0393     		str	r3, [sp, #12]
  39:Core/Src/adc.c **** 
  40:Core/Src/adc.c ****   /* USER CODE BEGIN ADC1_Init 1 */
  41:Core/Src/adc.c **** 
  42:Core/Src/adc.c ****   /* USER CODE END ADC1_Init 1 */
  43:Core/Src/adc.c ****   /** Configure the global features of the ADC (Clock, Resolution, Data Alignment and number of con
  44:Core/Src/adc.c ****   */
  45:Core/Src/adc.c ****   hadc1.Instance = ADC1;
  47              		.loc 1 45 3 is_stmt 1 view .LVU3
  48              		.loc 1 45 18 is_stmt 0 view .LVU4
  49 000e 3048     		ldr	r0, .L15
  50 0010 304A     		ldr	r2, .L15+4
  51 0012 0260     		str	r2, [r0]
  46:Core/Src/adc.c ****   hadc1.Init.ClockPrescaler = ADC_CLOCK_SYNC_PCLK_DIV4;
  52              		.loc 1 46 3 is_stmt 1 view .LVU5
  53              		.loc 1 46 29 is_stmt 0 view .LVU6
  54 0014 4FF48032 		mov	r2, #65536
  55 0018 4260     		str	r2, [r0, #4]
  47:Core/Src/adc.c ****   hadc1.Init.Resolution = ADC_RESOLUTION_12B;
  56              		.loc 1 47 3 is_stmt 1 view .LVU7
  57              		.loc 1 47 25 is_stmt 0 view .LVU8
  58 001a 8360     		str	r3, [r0, #8]
  48:Core/Src/adc.c ****   hadc1.Init.ScanConvMode = ENABLE;
  59              		.loc 1 48 3 is_stmt 1 view .LVU9
  60              		.loc 1 48 27 is_stmt 0 view .LVU10
  61 001c 0122     		movs	r2, #1
  62 001e 0261     		str	r2, [r0, #16]
  49:Core/Src/adc.c ****   hadc1.Init.ContinuousConvMode = DISABLE;
  63              		.loc 1 49 3 is_stmt 1 view .LVU11
  64              		.loc 1 49 33 is_stmt 0 view .LVU12
  65 0020 0376     		strb	r3, [r0, #24]
  50:Core/Src/adc.c ****   hadc1.Init.DiscontinuousConvMode = DISABLE;
ARM GAS  C:\Users\green\AppData\Local\Temp\ccbjmDDU.s 			page 3


  66              		.loc 1 50 3 is_stmt 1 view .LVU13
  67              		.loc 1 50 36 is_stmt 0 view .LVU14
  68 0022 80F82030 		strb	r3, [r0, #32]
  51:Core/Src/adc.c ****   hadc1.Init.ExternalTrigConvEdge = ADC_EXTERNALTRIGCONVEDGE_RISING;
  69              		.loc 1 51 3 is_stmt 1 view .LVU15
  70              		.loc 1 51 35 is_stmt 0 view .LVU16
  71 0026 4FF08051 		mov	r1, #268435456
  72 002a C162     		str	r1, [r0, #44]
  52:Core/Src/adc.c ****   hadc1.Init.ExternalTrigConv = ADC_EXTERNALTRIGCONV_T3_TRGO;
  73              		.loc 1 52 3 is_stmt 1 view .LVU17
  74              		.loc 1 52 31 is_stmt 0 view .LVU18
  75 002c 4FF00061 		mov	r1, #134217728
  76 0030 8162     		str	r1, [r0, #40]
  53:Core/Src/adc.c ****   hadc1.Init.DataAlign = ADC_DATAALIGN_RIGHT;
  77              		.loc 1 53 3 is_stmt 1 view .LVU19
  78              		.loc 1 53 24 is_stmt 0 view .LVU20
  79 0032 C360     		str	r3, [r0, #12]
  54:Core/Src/adc.c ****   hadc1.Init.NbrOfConversion = 5;
  80              		.loc 1 54 3 is_stmt 1 view .LVU21
  81              		.loc 1 54 30 is_stmt 0 view .LVU22
  82 0034 0523     		movs	r3, #5
  83 0036 C361     		str	r3, [r0, #28]
  55:Core/Src/adc.c ****   hadc1.Init.DMAContinuousRequests = ENABLE;
  84              		.loc 1 55 3 is_stmt 1 view .LVU23
  85              		.loc 1 55 36 is_stmt 0 view .LVU24
  86 0038 80F83020 		strb	r2, [r0, #48]
  56:Core/Src/adc.c ****   hadc1.Init.EOCSelection = ADC_EOC_SINGLE_CONV;
  87              		.loc 1 56 3 is_stmt 1 view .LVU25
  88              		.loc 1 56 27 is_stmt 0 view .LVU26
  89 003c 4261     		str	r2, [r0, #20]
  57:Core/Src/adc.c ****   if (HAL_ADC_Init(&hadc1) != HAL_OK)
  90              		.loc 1 57 3 is_stmt 1 view .LVU27
  91              		.loc 1 57 7 is_stmt 0 view .LVU28
  92 003e FFF7FEFF 		bl	HAL_ADC_Init
  93              	.LVL0:
  94              		.loc 1 57 6 view .LVU29
  95 0042 0028     		cmp	r0, #0
  96 0044 31D1     		bne	.L9
  97              	.L2:
  58:Core/Src/adc.c ****   {
  59:Core/Src/adc.c ****     Error_Handler();
  60:Core/Src/adc.c ****   }
  61:Core/Src/adc.c ****   /** Configure for the selected ADC regular channel its corresponding rank in the sequencer and it
  62:Core/Src/adc.c ****   */
  63:Core/Src/adc.c ****   sConfig.Channel = ADC_CHANNEL_4;
  98              		.loc 1 63 3 is_stmt 1 view .LVU30
  99              		.loc 1 63 19 is_stmt 0 view .LVU31
 100 0046 0423     		movs	r3, #4
 101 0048 0093     		str	r3, [sp]
  64:Core/Src/adc.c ****   sConfig.Rank = 1;
 102              		.loc 1 64 3 is_stmt 1 view .LVU32
 103              		.loc 1 64 16 is_stmt 0 view .LVU33
 104 004a 0123     		movs	r3, #1
 105 004c 0193     		str	r3, [sp, #4]
  65:Core/Src/adc.c ****   sConfig.SamplingTime = ADC_SAMPLETIME_56CYCLES;
 106              		.loc 1 65 3 is_stmt 1 view .LVU34
 107              		.loc 1 65 24 is_stmt 0 view .LVU35
ARM GAS  C:\Users\green\AppData\Local\Temp\ccbjmDDU.s 			page 4


 108 004e 0323     		movs	r3, #3
 109 0050 0293     		str	r3, [sp, #8]
  66:Core/Src/adc.c ****   if (HAL_ADC_ConfigChannel(&hadc1, &sConfig) != HAL_OK)
 110              		.loc 1 66 3 is_stmt 1 view .LVU36
 111              		.loc 1 66 7 is_stmt 0 view .LVU37
 112 0052 6946     		mov	r1, sp
 113 0054 1E48     		ldr	r0, .L15
 114 0056 FFF7FEFF 		bl	HAL_ADC_ConfigChannel
 115              	.LVL1:
 116              		.loc 1 66 6 view .LVU38
 117 005a 48BB     		cbnz	r0, .L10
 118              	.L3:
  67:Core/Src/adc.c ****   {
  68:Core/Src/adc.c ****     Error_Handler();
  69:Core/Src/adc.c ****   }
  70:Core/Src/adc.c ****   /** Configure for the selected ADC regular channel its corresponding rank in the sequencer and it
  71:Core/Src/adc.c ****   */
  72:Core/Src/adc.c ****   sConfig.Channel = ADC_CHANNEL_6;
 119              		.loc 1 72 3 is_stmt 1 view .LVU39
 120              		.loc 1 72 19 is_stmt 0 view .LVU40
 121 005c 0623     		movs	r3, #6
 122 005e 0093     		str	r3, [sp]
  73:Core/Src/adc.c ****   sConfig.Rank = 2;
 123              		.loc 1 73 3 is_stmt 1 view .LVU41
 124              		.loc 1 73 16 is_stmt 0 view .LVU42
 125 0060 0223     		movs	r3, #2
 126 0062 0193     		str	r3, [sp, #4]
  74:Core/Src/adc.c ****   if (HAL_ADC_ConfigChannel(&hadc1, &sConfig) != HAL_OK)
 127              		.loc 1 74 3 is_stmt 1 view .LVU43
 128              		.loc 1 74 7 is_stmt 0 view .LVU44
 129 0064 6946     		mov	r1, sp
 130 0066 1A48     		ldr	r0, .L15
 131 0068 FFF7FEFF 		bl	HAL_ADC_ConfigChannel
 132              	.LVL2:
 133              		.loc 1 74 6 view .LVU45
 134 006c 18BB     		cbnz	r0, .L11
 135              	.L4:
  75:Core/Src/adc.c ****   {
  76:Core/Src/adc.c ****     Error_Handler();
  77:Core/Src/adc.c ****   }
  78:Core/Src/adc.c ****   /** Configure for the selected ADC regular channel its corresponding rank in the sequencer and it
  79:Core/Src/adc.c ****   */
  80:Core/Src/adc.c ****   sConfig.Channel = ADC_CHANNEL_7;
 136              		.loc 1 80 3 is_stmt 1 view .LVU46
 137              		.loc 1 80 19 is_stmt 0 view .LVU47
 138 006e 0723     		movs	r3, #7
 139 0070 0093     		str	r3, [sp]
  81:Core/Src/adc.c ****   sConfig.Rank = 3;
 140              		.loc 1 81 3 is_stmt 1 view .LVU48
 141              		.loc 1 81 16 is_stmt 0 view .LVU49
 142 0072 0323     		movs	r3, #3
 143 0074 0193     		str	r3, [sp, #4]
  82:Core/Src/adc.c ****   if (HAL_ADC_ConfigChannel(&hadc1, &sConfig) != HAL_OK)
 144              		.loc 1 82 3 is_stmt 1 view .LVU50
 145              		.loc 1 82 7 is_stmt 0 view .LVU51
 146 0076 6946     		mov	r1, sp
 147 0078 1548     		ldr	r0, .L15
ARM GAS  C:\Users\green\AppData\Local\Temp\ccbjmDDU.s 			page 5


 148 007a FFF7FEFF 		bl	HAL_ADC_ConfigChannel
 149              	.LVL3:
 150              		.loc 1 82 6 view .LVU52
 151 007e E8B9     		cbnz	r0, .L12
 152              	.L5:
  83:Core/Src/adc.c ****   {
  84:Core/Src/adc.c ****     Error_Handler();
  85:Core/Src/adc.c ****   }
  86:Core/Src/adc.c ****   /** Configure for the selected ADC regular channel its corresponding rank in the sequencer and it
  87:Core/Src/adc.c ****   */
  88:Core/Src/adc.c ****   sConfig.Channel = ADC_CHANNEL_8;
 153              		.loc 1 88 3 is_stmt 1 view .LVU53
 154              		.loc 1 88 19 is_stmt 0 view .LVU54
 155 0080 0823     		movs	r3, #8
 156 0082 0093     		str	r3, [sp]
  89:Core/Src/adc.c ****   sConfig.Rank = 4;
 157              		.loc 1 89 3 is_stmt 1 view .LVU55
 158              		.loc 1 89 16 is_stmt 0 view .LVU56
 159 0084 0423     		movs	r3, #4
 160 0086 0193     		str	r3, [sp, #4]
  90:Core/Src/adc.c ****   if (HAL_ADC_ConfigChannel(&hadc1, &sConfig) != HAL_OK)
 161              		.loc 1 90 3 is_stmt 1 view .LVU57
 162              		.loc 1 90 7 is_stmt 0 view .LVU58
 163 0088 6946     		mov	r1, sp
 164 008a 1148     		ldr	r0, .L15
 165 008c FFF7FEFF 		bl	HAL_ADC_ConfigChannel
 166              	.LVL4:
 167              		.loc 1 90 6 view .LVU59
 168 0090 B8B9     		cbnz	r0, .L13
 169              	.L6:
  91:Core/Src/adc.c ****   {
  92:Core/Src/adc.c ****     Error_Handler();
  93:Core/Src/adc.c ****   }
  94:Core/Src/adc.c ****   /** Configure for the selected ADC regular channel its corresponding rank in the sequencer and it
  95:Core/Src/adc.c ****   */
  96:Core/Src/adc.c ****   sConfig.Channel = ADC_CHANNEL_9;
 170              		.loc 1 96 3 is_stmt 1 view .LVU60
 171              		.loc 1 96 19 is_stmt 0 view .LVU61
 172 0092 0923     		movs	r3, #9
 173 0094 0093     		str	r3, [sp]
  97:Core/Src/adc.c ****   sConfig.Rank = 5;
 174              		.loc 1 97 3 is_stmt 1 view .LVU62
 175              		.loc 1 97 16 is_stmt 0 view .LVU63
 176 0096 0523     		movs	r3, #5
 177 0098 0193     		str	r3, [sp, #4]
  98:Core/Src/adc.c ****   if (HAL_ADC_ConfigChannel(&hadc1, &sConfig) != HAL_OK)
 178              		.loc 1 98 3 is_stmt 1 view .LVU64
 179              		.loc 1 98 7 is_stmt 0 view .LVU65
 180 009a 6946     		mov	r1, sp
 181 009c 0C48     		ldr	r0, .L15
 182 009e FFF7FEFF 		bl	HAL_ADC_ConfigChannel
 183              	.LVL5:
 184              		.loc 1 98 6 view .LVU66
 185 00a2 88B9     		cbnz	r0, .L14
 186              	.L1:
  99:Core/Src/adc.c ****   {
 100:Core/Src/adc.c ****     Error_Handler();
ARM GAS  C:\Users\green\AppData\Local\Temp\ccbjmDDU.s 			page 6


 101:Core/Src/adc.c ****   }
 102:Core/Src/adc.c ****   /* USER CODE BEGIN ADC1_Init 2 */
 103:Core/Src/adc.c **** 
 104:Core/Src/adc.c ****   /* USER CODE END ADC1_Init 2 */
 105:Core/Src/adc.c **** 
 106:Core/Src/adc.c **** }
 187              		.loc 1 106 1 view .LVU67
 188 00a4 05B0     		add	sp, sp, #20
 189              	.LCFI2:
 190              		.cfi_remember_state
 191              		.cfi_def_cfa_offset 4
 192              		@ sp needed
 193 00a6 5DF804FB 		ldr	pc, [sp], #4
 194              	.L9:
 195              	.LCFI3:
 196              		.cfi_restore_state
  59:Core/Src/adc.c ****   }
 197              		.loc 1 59 5 is_stmt 1 view .LVU68
 198 00aa FFF7FEFF 		bl	Error_Handler
 199              	.LVL6:
 200 00ae CAE7     		b	.L2
 201              	.L10:
  68:Core/Src/adc.c ****   }
 202              		.loc 1 68 5 view .LVU69
 203 00b0 FFF7FEFF 		bl	Error_Handler
 204              	.LVL7:
 205 00b4 D2E7     		b	.L3
 206              	.L11:
  76:Core/Src/adc.c ****   }
 207              		.loc 1 76 5 view .LVU70
 208 00b6 FFF7FEFF 		bl	Error_Handler
 209              	.LVL8:
 210 00ba D8E7     		b	.L4
 211              	.L12:
  84:Core/Src/adc.c ****   }
 212              		.loc 1 84 5 view .LVU71
 213 00bc FFF7FEFF 		bl	Error_Handler
 214              	.LVL9:
 215 00c0 DEE7     		b	.L5
 216              	.L13:
  92:Core/Src/adc.c ****   }
 217              		.loc 1 92 5 view .LVU72
 218 00c2 FFF7FEFF 		bl	Error_Handler
 219              	.LVL10:
 220 00c6 E4E7     		b	.L6
 221              	.L14:
 100:Core/Src/adc.c ****   }
 222              		.loc 1 100 5 view .LVU73
 223 00c8 FFF7FEFF 		bl	Error_Handler
 224              	.LVL11:
 225              		.loc 1 106 1 is_stmt 0 view .LVU74
 226 00cc EAE7     		b	.L1
 227              	.L16:
 228 00ce 00BF     		.align	2
 229              	.L15:
 230 00d0 00000000 		.word	.LANCHOR0
 231 00d4 00200140 		.word	1073815552
ARM GAS  C:\Users\green\AppData\Local\Temp\ccbjmDDU.s 			page 7


 232              		.cfi_endproc
 233              	.LFE216:
 235              		.section	.text.HAL_ADC_MspInit,"ax",%progbits
 236              		.align	1
 237              		.global	HAL_ADC_MspInit
 238              		.syntax unified
 239              		.thumb
 240              		.thumb_func
 242              	HAL_ADC_MspInit:
 243              	.LVL12:
 244              	.LFB217:
 107:Core/Src/adc.c **** 
 108:Core/Src/adc.c **** void HAL_ADC_MspInit(ADC_HandleTypeDef* adcHandle)
 109:Core/Src/adc.c **** {
 245              		.loc 1 109 1 is_stmt 1 view -0
 246              		.cfi_startproc
 247              		@ args = 0, pretend = 0, frame = 32
 248              		@ frame_needed = 0, uses_anonymous_args = 0
 249              		.loc 1 109 1 is_stmt 0 view .LVU76
 250 0000 70B5     		push	{r4, r5, r6, lr}
 251              	.LCFI4:
 252              		.cfi_def_cfa_offset 16
 253              		.cfi_offset 4, -16
 254              		.cfi_offset 5, -12
 255              		.cfi_offset 6, -8
 256              		.cfi_offset 14, -4
 257 0002 88B0     		sub	sp, sp, #32
 258              	.LCFI5:
 259              		.cfi_def_cfa_offset 48
 110:Core/Src/adc.c **** 
 111:Core/Src/adc.c ****   GPIO_InitTypeDef GPIO_InitStruct = {0};
 260              		.loc 1 111 3 is_stmt 1 view .LVU77
 261              		.loc 1 111 20 is_stmt 0 view .LVU78
 262 0004 0023     		movs	r3, #0
 263 0006 0393     		str	r3, [sp, #12]
 264 0008 0493     		str	r3, [sp, #16]
 265 000a 0593     		str	r3, [sp, #20]
 266 000c 0693     		str	r3, [sp, #24]
 267 000e 0793     		str	r3, [sp, #28]
 112:Core/Src/adc.c ****   if(adcHandle->Instance==ADC1)
 268              		.loc 1 112 3 is_stmt 1 view .LVU79
 269              		.loc 1 112 15 is_stmt 0 view .LVU80
 270 0010 0268     		ldr	r2, [r0]
 271              		.loc 1 112 5 view .LVU81
 272 0012 03F18043 		add	r3, r3, #1073741824
 273 0016 03F59033 		add	r3, r3, #73728
 274 001a 9A42     		cmp	r2, r3
 275 001c 01D0     		beq	.L21
 276              	.LVL13:
 277              	.L17:
 113:Core/Src/adc.c ****   {
 114:Core/Src/adc.c ****   /* USER CODE BEGIN ADC1_MspInit 0 */
 115:Core/Src/adc.c **** 
 116:Core/Src/adc.c ****   /* USER CODE END ADC1_MspInit 0 */
 117:Core/Src/adc.c ****     /* ADC1 clock enable */
 118:Core/Src/adc.c ****     __HAL_RCC_ADC1_CLK_ENABLE();
 119:Core/Src/adc.c **** 
ARM GAS  C:\Users\green\AppData\Local\Temp\ccbjmDDU.s 			page 8


 120:Core/Src/adc.c ****     __HAL_RCC_GPIOA_CLK_ENABLE();
 121:Core/Src/adc.c ****     __HAL_RCC_GPIOB_CLK_ENABLE();
 122:Core/Src/adc.c ****     /**ADC1 GPIO Configuration
 123:Core/Src/adc.c ****     PA4     ------> ADC1_IN4
 124:Core/Src/adc.c ****     PA6     ------> ADC1_IN6
 125:Core/Src/adc.c ****     PA7     ------> ADC1_IN7
 126:Core/Src/adc.c ****     PB0     ------> ADC1_IN8
 127:Core/Src/adc.c ****     PB1     ------> ADC1_IN9
 128:Core/Src/adc.c ****     */
 129:Core/Src/adc.c ****     GPIO_InitStruct.Pin = GPIO_PIN_4|GPIO_PIN_6|GPIO_PIN_7;
 130:Core/Src/adc.c ****     GPIO_InitStruct.Mode = GPIO_MODE_ANALOG;
 131:Core/Src/adc.c ****     GPIO_InitStruct.Pull = GPIO_NOPULL;
 132:Core/Src/adc.c ****     HAL_GPIO_Init(GPIOA, &GPIO_InitStruct);
 133:Core/Src/adc.c **** 
 134:Core/Src/adc.c ****     GPIO_InitStruct.Pin = GPIO_PIN_0|GPIO_PIN_1;
 135:Core/Src/adc.c ****     GPIO_InitStruct.Mode = GPIO_MODE_ANALOG;
 136:Core/Src/adc.c ****     GPIO_InitStruct.Pull = GPIO_NOPULL;
 137:Core/Src/adc.c ****     HAL_GPIO_Init(GPIOB, &GPIO_InitStruct);
 138:Core/Src/adc.c **** 
 139:Core/Src/adc.c ****     /* ADC1 DMA Init */
 140:Core/Src/adc.c ****     /* ADC1 Init */
 141:Core/Src/adc.c ****     hdma_adc1.Instance = DMA2_Stream0;
 142:Core/Src/adc.c ****     hdma_adc1.Init.Channel = DMA_CHANNEL_0;
 143:Core/Src/adc.c ****     hdma_adc1.Init.Direction = DMA_PERIPH_TO_MEMORY;
 144:Core/Src/adc.c ****     hdma_adc1.Init.PeriphInc = DMA_PINC_DISABLE;
 145:Core/Src/adc.c ****     hdma_adc1.Init.MemInc = DMA_MINC_ENABLE;
 146:Core/Src/adc.c ****     hdma_adc1.Init.PeriphDataAlignment = DMA_PDATAALIGN_HALFWORD;
 147:Core/Src/adc.c ****     hdma_adc1.Init.MemDataAlignment = DMA_MDATAALIGN_HALFWORD;
 148:Core/Src/adc.c ****     hdma_adc1.Init.Mode = DMA_CIRCULAR;
 149:Core/Src/adc.c ****     hdma_adc1.Init.Priority = DMA_PRIORITY_LOW;
 150:Core/Src/adc.c ****     hdma_adc1.Init.FIFOMode = DMA_FIFOMODE_DISABLE;
 151:Core/Src/adc.c ****     if (HAL_DMA_Init(&hdma_adc1) != HAL_OK)
 152:Core/Src/adc.c ****     {
 153:Core/Src/adc.c ****       Error_Handler();
 154:Core/Src/adc.c ****     }
 155:Core/Src/adc.c **** 
 156:Core/Src/adc.c ****     __HAL_LINKDMA(adcHandle,DMA_Handle,hdma_adc1);
 157:Core/Src/adc.c **** 
 158:Core/Src/adc.c ****   /* USER CODE BEGIN ADC1_MspInit 1 */
 159:Core/Src/adc.c **** 
 160:Core/Src/adc.c ****   /* USER CODE END ADC1_MspInit 1 */
 161:Core/Src/adc.c ****   }
 162:Core/Src/adc.c **** }
 278              		.loc 1 162 1 view .LVU82
 279 001e 08B0     		add	sp, sp, #32
 280              	.LCFI6:
 281              		.cfi_remember_state
 282              		.cfi_def_cfa_offset 16
 283              		@ sp needed
 284 0020 70BD     		pop	{r4, r5, r6, pc}
 285              	.LVL14:
 286              	.L21:
 287              	.LCFI7:
 288              		.cfi_restore_state
 289              		.loc 1 162 1 view .LVU83
 290 0022 0446     		mov	r4, r0
 118:Core/Src/adc.c **** 
ARM GAS  C:\Users\green\AppData\Local\Temp\ccbjmDDU.s 			page 9


 291              		.loc 1 118 5 is_stmt 1 view .LVU84
 292              	.LBB2:
 118:Core/Src/adc.c **** 
 293              		.loc 1 118 5 view .LVU85
 294 0024 0025     		movs	r5, #0
 295 0026 0095     		str	r5, [sp]
 118:Core/Src/adc.c **** 
 296              		.loc 1 118 5 view .LVU86
 297 0028 03F58C33 		add	r3, r3, #71680
 298 002c 5A6C     		ldr	r2, [r3, #68]
 299 002e 42F48072 		orr	r2, r2, #256
 300 0032 5A64     		str	r2, [r3, #68]
 118:Core/Src/adc.c **** 
 301              		.loc 1 118 5 view .LVU87
 302 0034 5A6C     		ldr	r2, [r3, #68]
 303 0036 02F48072 		and	r2, r2, #256
 304 003a 0092     		str	r2, [sp]
 118:Core/Src/adc.c **** 
 305              		.loc 1 118 5 view .LVU88
 306 003c 009A     		ldr	r2, [sp]
 307              	.LBE2:
 118:Core/Src/adc.c **** 
 308              		.loc 1 118 5 view .LVU89
 120:Core/Src/adc.c ****     __HAL_RCC_GPIOB_CLK_ENABLE();
 309              		.loc 1 120 5 view .LVU90
 310              	.LBB3:
 120:Core/Src/adc.c ****     __HAL_RCC_GPIOB_CLK_ENABLE();
 311              		.loc 1 120 5 view .LVU91
 312 003e 0195     		str	r5, [sp, #4]
 120:Core/Src/adc.c ****     __HAL_RCC_GPIOB_CLK_ENABLE();
 313              		.loc 1 120 5 view .LVU92
 314 0040 1A6B     		ldr	r2, [r3, #48]
 315 0042 42F00102 		orr	r2, r2, #1
 316 0046 1A63     		str	r2, [r3, #48]
 120:Core/Src/adc.c ****     __HAL_RCC_GPIOB_CLK_ENABLE();
 317              		.loc 1 120 5 view .LVU93
 318 0048 1A6B     		ldr	r2, [r3, #48]
 319 004a 02F00102 		and	r2, r2, #1
 320 004e 0192     		str	r2, [sp, #4]
 120:Core/Src/adc.c ****     __HAL_RCC_GPIOB_CLK_ENABLE();
 321              		.loc 1 120 5 view .LVU94
 322 0050 019A     		ldr	r2, [sp, #4]
 323              	.LBE3:
 120:Core/Src/adc.c ****     __HAL_RCC_GPIOB_CLK_ENABLE();
 324              		.loc 1 120 5 view .LVU95
 121:Core/Src/adc.c ****     /**ADC1 GPIO Configuration
 325              		.loc 1 121 5 view .LVU96
 326              	.LBB4:
 121:Core/Src/adc.c ****     /**ADC1 GPIO Configuration
 327              		.loc 1 121 5 view .LVU97
 328 0052 0295     		str	r5, [sp, #8]
 121:Core/Src/adc.c ****     /**ADC1 GPIO Configuration
 329              		.loc 1 121 5 view .LVU98
 330 0054 1A6B     		ldr	r2, [r3, #48]
 331 0056 42F00202 		orr	r2, r2, #2
 332 005a 1A63     		str	r2, [r3, #48]
 121:Core/Src/adc.c ****     /**ADC1 GPIO Configuration
ARM GAS  C:\Users\green\AppData\Local\Temp\ccbjmDDU.s 			page 10


 333              		.loc 1 121 5 view .LVU99
 334 005c 1B6B     		ldr	r3, [r3, #48]
 335 005e 03F00203 		and	r3, r3, #2
 336 0062 0293     		str	r3, [sp, #8]
 121:Core/Src/adc.c ****     /**ADC1 GPIO Configuration
 337              		.loc 1 121 5 view .LVU100
 338 0064 029B     		ldr	r3, [sp, #8]
 339              	.LBE4:
 121:Core/Src/adc.c ****     /**ADC1 GPIO Configuration
 340              		.loc 1 121 5 view .LVU101
 129:Core/Src/adc.c ****     GPIO_InitStruct.Mode = GPIO_MODE_ANALOG;
 341              		.loc 1 129 5 view .LVU102
 129:Core/Src/adc.c ****     GPIO_InitStruct.Mode = GPIO_MODE_ANALOG;
 342              		.loc 1 129 25 is_stmt 0 view .LVU103
 343 0066 D023     		movs	r3, #208
 344 0068 0393     		str	r3, [sp, #12]
 130:Core/Src/adc.c ****     GPIO_InitStruct.Pull = GPIO_NOPULL;
 345              		.loc 1 130 5 is_stmt 1 view .LVU104
 130:Core/Src/adc.c ****     GPIO_InitStruct.Pull = GPIO_NOPULL;
 346              		.loc 1 130 26 is_stmt 0 view .LVU105
 347 006a 0326     		movs	r6, #3
 348 006c 0496     		str	r6, [sp, #16]
 131:Core/Src/adc.c ****     HAL_GPIO_Init(GPIOA, &GPIO_InitStruct);
 349              		.loc 1 131 5 is_stmt 1 view .LVU106
 132:Core/Src/adc.c **** 
 350              		.loc 1 132 5 view .LVU107
 351 006e 03A9     		add	r1, sp, #12
 352 0070 1348     		ldr	r0, .L23
 353              	.LVL15:
 132:Core/Src/adc.c **** 
 354              		.loc 1 132 5 is_stmt 0 view .LVU108
 355 0072 FFF7FEFF 		bl	HAL_GPIO_Init
 356              	.LVL16:
 134:Core/Src/adc.c ****     GPIO_InitStruct.Mode = GPIO_MODE_ANALOG;
 357              		.loc 1 134 5 is_stmt 1 view .LVU109
 134:Core/Src/adc.c ****     GPIO_InitStruct.Mode = GPIO_MODE_ANALOG;
 358              		.loc 1 134 25 is_stmt 0 view .LVU110
 359 0076 0396     		str	r6, [sp, #12]
 135:Core/Src/adc.c ****     GPIO_InitStruct.Pull = GPIO_NOPULL;
 360              		.loc 1 135 5 is_stmt 1 view .LVU111
 135:Core/Src/adc.c ****     GPIO_InitStruct.Pull = GPIO_NOPULL;
 361              		.loc 1 135 26 is_stmt 0 view .LVU112
 362 0078 0496     		str	r6, [sp, #16]
 136:Core/Src/adc.c ****     HAL_GPIO_Init(GPIOB, &GPIO_InitStruct);
 363              		.loc 1 136 5 is_stmt 1 view .LVU113
 136:Core/Src/adc.c ****     HAL_GPIO_Init(GPIOB, &GPIO_InitStruct);
 364              		.loc 1 136 26 is_stmt 0 view .LVU114
 365 007a 0595     		str	r5, [sp, #20]
 137:Core/Src/adc.c **** 
 366              		.loc 1 137 5 is_stmt 1 view .LVU115
 367 007c 03A9     		add	r1, sp, #12
 368 007e 1148     		ldr	r0, .L23+4
 369 0080 FFF7FEFF 		bl	HAL_GPIO_Init
 370              	.LVL17:
 141:Core/Src/adc.c ****     hdma_adc1.Init.Channel = DMA_CHANNEL_0;
 371              		.loc 1 141 5 view .LVU116
 141:Core/Src/adc.c ****     hdma_adc1.Init.Channel = DMA_CHANNEL_0;
ARM GAS  C:\Users\green\AppData\Local\Temp\ccbjmDDU.s 			page 11


 372              		.loc 1 141 24 is_stmt 0 view .LVU117
 373 0084 1048     		ldr	r0, .L23+8
 374 0086 114B     		ldr	r3, .L23+12
 375 0088 0360     		str	r3, [r0]
 142:Core/Src/adc.c ****     hdma_adc1.Init.Direction = DMA_PERIPH_TO_MEMORY;
 376              		.loc 1 142 5 is_stmt 1 view .LVU118
 142:Core/Src/adc.c ****     hdma_adc1.Init.Direction = DMA_PERIPH_TO_MEMORY;
 377              		.loc 1 142 28 is_stmt 0 view .LVU119
 378 008a 4560     		str	r5, [r0, #4]
 143:Core/Src/adc.c ****     hdma_adc1.Init.PeriphInc = DMA_PINC_DISABLE;
 379              		.loc 1 143 5 is_stmt 1 view .LVU120
 143:Core/Src/adc.c ****     hdma_adc1.Init.PeriphInc = DMA_PINC_DISABLE;
 380              		.loc 1 143 30 is_stmt 0 view .LVU121
 381 008c 8560     		str	r5, [r0, #8]
 144:Core/Src/adc.c ****     hdma_adc1.Init.MemInc = DMA_MINC_ENABLE;
 382              		.loc 1 144 5 is_stmt 1 view .LVU122
 144:Core/Src/adc.c ****     hdma_adc1.Init.MemInc = DMA_MINC_ENABLE;
 383              		.loc 1 144 30 is_stmt 0 view .LVU123
 384 008e C560     		str	r5, [r0, #12]
 145:Core/Src/adc.c ****     hdma_adc1.Init.PeriphDataAlignment = DMA_PDATAALIGN_HALFWORD;
 385              		.loc 1 145 5 is_stmt 1 view .LVU124
 145:Core/Src/adc.c ****     hdma_adc1.Init.PeriphDataAlignment = DMA_PDATAALIGN_HALFWORD;
 386              		.loc 1 145 27 is_stmt 0 view .LVU125
 387 0090 4FF48063 		mov	r3, #1024
 388 0094 0361     		str	r3, [r0, #16]
 146:Core/Src/adc.c ****     hdma_adc1.Init.MemDataAlignment = DMA_MDATAALIGN_HALFWORD;
 389              		.loc 1 146 5 is_stmt 1 view .LVU126
 146:Core/Src/adc.c ****     hdma_adc1.Init.MemDataAlignment = DMA_MDATAALIGN_HALFWORD;
 390              		.loc 1 146 40 is_stmt 0 view .LVU127
 391 0096 4FF40063 		mov	r3, #2048
 392 009a 4361     		str	r3, [r0, #20]
 147:Core/Src/adc.c ****     hdma_adc1.Init.Mode = DMA_CIRCULAR;
 393              		.loc 1 147 5 is_stmt 1 view .LVU128
 147:Core/Src/adc.c ****     hdma_adc1.Init.Mode = DMA_CIRCULAR;
 394              		.loc 1 147 37 is_stmt 0 view .LVU129
 395 009c 4FF40053 		mov	r3, #8192
 396 00a0 8361     		str	r3, [r0, #24]
 148:Core/Src/adc.c ****     hdma_adc1.Init.Priority = DMA_PRIORITY_LOW;
 397              		.loc 1 148 5 is_stmt 1 view .LVU130
 148:Core/Src/adc.c ****     hdma_adc1.Init.Priority = DMA_PRIORITY_LOW;
 398              		.loc 1 148 25 is_stmt 0 view .LVU131
 399 00a2 4FF48073 		mov	r3, #256
 400 00a6 C361     		str	r3, [r0, #28]
 149:Core/Src/adc.c ****     hdma_adc1.Init.FIFOMode = DMA_FIFOMODE_DISABLE;
 401              		.loc 1 149 5 is_stmt 1 view .LVU132
 149:Core/Src/adc.c ****     hdma_adc1.Init.FIFOMode = DMA_FIFOMODE_DISABLE;
 402              		.loc 1 149 29 is_stmt 0 view .LVU133
 403 00a8 0562     		str	r5, [r0, #32]
 150:Core/Src/adc.c ****     if (HAL_DMA_Init(&hdma_adc1) != HAL_OK)
 404              		.loc 1 150 5 is_stmt 1 view .LVU134
 150:Core/Src/adc.c ****     if (HAL_DMA_Init(&hdma_adc1) != HAL_OK)
 405              		.loc 1 150 29 is_stmt 0 view .LVU135
 406 00aa 4562     		str	r5, [r0, #36]
 151:Core/Src/adc.c ****     {
 407              		.loc 1 151 5 is_stmt 1 view .LVU136
 151:Core/Src/adc.c ****     {
 408              		.loc 1 151 9 is_stmt 0 view .LVU137
ARM GAS  C:\Users\green\AppData\Local\Temp\ccbjmDDU.s 			page 12


 409 00ac FFF7FEFF 		bl	HAL_DMA_Init
 410              	.LVL18:
 151:Core/Src/adc.c ****     {
 411              		.loc 1 151 8 view .LVU138
 412 00b0 18B9     		cbnz	r0, .L22
 413              	.L19:
 156:Core/Src/adc.c **** 
 414              		.loc 1 156 5 is_stmt 1 view .LVU139
 156:Core/Src/adc.c **** 
 415              		.loc 1 156 5 view .LVU140
 416 00b2 054B     		ldr	r3, .L23+8
 417 00b4 A363     		str	r3, [r4, #56]
 156:Core/Src/adc.c **** 
 418              		.loc 1 156 5 view .LVU141
 419 00b6 9C63     		str	r4, [r3, #56]
 156:Core/Src/adc.c **** 
 420              		.loc 1 156 5 view .LVU142
 421              		.loc 1 162 1 is_stmt 0 view .LVU143
 422 00b8 B1E7     		b	.L17
 423              	.L22:
 153:Core/Src/adc.c ****     }
 424              		.loc 1 153 7 is_stmt 1 view .LVU144
 425 00ba FFF7FEFF 		bl	Error_Handler
 426              	.LVL19:
 427 00be F8E7     		b	.L19
 428              	.L24:
 429              		.align	2
 430              	.L23:
 431 00c0 00000240 		.word	1073872896
 432 00c4 00040240 		.word	1073873920
 433 00c8 00000000 		.word	.LANCHOR1
 434 00cc 10640240 		.word	1073898512
 435              		.cfi_endproc
 436              	.LFE217:
 438              		.section	.text.HAL_ADC_MspDeInit,"ax",%progbits
 439              		.align	1
 440              		.global	HAL_ADC_MspDeInit
 441              		.syntax unified
 442              		.thumb
 443              		.thumb_func
 445              	HAL_ADC_MspDeInit:
 446              	.LVL20:
 447              	.LFB218:
 163:Core/Src/adc.c **** 
 164:Core/Src/adc.c **** void HAL_ADC_MspDeInit(ADC_HandleTypeDef* adcHandle)
 165:Core/Src/adc.c **** {
 448              		.loc 1 165 1 view -0
 449              		.cfi_startproc
 450              		@ args = 0, pretend = 0, frame = 0
 451              		@ frame_needed = 0, uses_anonymous_args = 0
 166:Core/Src/adc.c **** 
 167:Core/Src/adc.c ****   if(adcHandle->Instance==ADC1)
 452              		.loc 1 167 3 view .LVU146
 453              		.loc 1 167 15 is_stmt 0 view .LVU147
 454 0000 0268     		ldr	r2, [r0]
 455              		.loc 1 167 5 view .LVU148
 456 0002 0B4B     		ldr	r3, .L32
ARM GAS  C:\Users\green\AppData\Local\Temp\ccbjmDDU.s 			page 13


 457 0004 9A42     		cmp	r2, r3
 458 0006 00D0     		beq	.L31
 459 0008 7047     		bx	lr
 460              	.L31:
 165:Core/Src/adc.c **** 
 461              		.loc 1 165 1 view .LVU149
 462 000a 10B5     		push	{r4, lr}
 463              	.LCFI8:
 464              		.cfi_def_cfa_offset 8
 465              		.cfi_offset 4, -8
 466              		.cfi_offset 14, -4
 467 000c 0446     		mov	r4, r0
 168:Core/Src/adc.c ****   {
 169:Core/Src/adc.c ****   /* USER CODE BEGIN ADC1_MspDeInit 0 */
 170:Core/Src/adc.c **** 
 171:Core/Src/adc.c ****   /* USER CODE END ADC1_MspDeInit 0 */
 172:Core/Src/adc.c ****     /* Peripheral clock disable */
 173:Core/Src/adc.c ****     __HAL_RCC_ADC1_CLK_DISABLE();
 468              		.loc 1 173 5 is_stmt 1 view .LVU150
 469 000e 094A     		ldr	r2, .L32+4
 470 0010 536C     		ldr	r3, [r2, #68]
 471 0012 23F48073 		bic	r3, r3, #256
 472 0016 5364     		str	r3, [r2, #68]
 174:Core/Src/adc.c **** 
 175:Core/Src/adc.c ****     /**ADC1 GPIO Configuration
 176:Core/Src/adc.c ****     PA4     ------> ADC1_IN4
 177:Core/Src/adc.c ****     PA6     ------> ADC1_IN6
 178:Core/Src/adc.c ****     PA7     ------> ADC1_IN7
 179:Core/Src/adc.c ****     PB0     ------> ADC1_IN8
 180:Core/Src/adc.c ****     PB1     ------> ADC1_IN9
 181:Core/Src/adc.c ****     */
 182:Core/Src/adc.c ****     HAL_GPIO_DeInit(GPIOA, GPIO_PIN_4|GPIO_PIN_6|GPIO_PIN_7);
 473              		.loc 1 182 5 view .LVU151
 474 0018 D021     		movs	r1, #208
 475 001a 0748     		ldr	r0, .L32+8
 476              	.LVL21:
 477              		.loc 1 182 5 is_stmt 0 view .LVU152
 478 001c FFF7FEFF 		bl	HAL_GPIO_DeInit
 479              	.LVL22:
 183:Core/Src/adc.c **** 
 184:Core/Src/adc.c ****     HAL_GPIO_DeInit(GPIOB, GPIO_PIN_0|GPIO_PIN_1);
 480              		.loc 1 184 5 is_stmt 1 view .LVU153
 481 0020 0321     		movs	r1, #3
 482 0022 0648     		ldr	r0, .L32+12
 483 0024 FFF7FEFF 		bl	HAL_GPIO_DeInit
 484              	.LVL23:
 185:Core/Src/adc.c **** 
 186:Core/Src/adc.c ****     /* ADC1 DMA DeInit */
 187:Core/Src/adc.c ****     HAL_DMA_DeInit(adcHandle->DMA_Handle);
 485              		.loc 1 187 5 view .LVU154
 486 0028 A06B     		ldr	r0, [r4, #56]
 487 002a FFF7FEFF 		bl	HAL_DMA_DeInit
 488              	.LVL24:
 188:Core/Src/adc.c ****   /* USER CODE BEGIN ADC1_MspDeInit 1 */
 189:Core/Src/adc.c **** 
 190:Core/Src/adc.c ****   /* USER CODE END ADC1_MspDeInit 1 */
 191:Core/Src/adc.c ****   }
ARM GAS  C:\Users\green\AppData\Local\Temp\ccbjmDDU.s 			page 14


 192:Core/Src/adc.c **** }
 489              		.loc 1 192 1 is_stmt 0 view .LVU155
 490 002e 10BD     		pop	{r4, pc}
 491              	.LVL25:
 492              	.L33:
 493              		.loc 1 192 1 view .LVU156
 494              		.align	2
 495              	.L32:
 496 0030 00200140 		.word	1073815552
 497 0034 00380240 		.word	1073887232
 498 0038 00000240 		.word	1073872896
 499 003c 00040240 		.word	1073873920
 500              		.cfi_endproc
 501              	.LFE218:
 503              		.global	hdma_adc1
 504              		.global	hadc1
 505              		.section	.bss.hadc1,"aw",%nobits
 506              		.align	2
 507              		.set	.LANCHOR0,. + 0
 510              	hadc1:
 511 0000 00000000 		.space	72
 511      00000000 
 511      00000000 
 511      00000000 
 511      00000000 
 512              		.section	.bss.hdma_adc1,"aw",%nobits
 513              		.align	2
 514              		.set	.LANCHOR1,. + 0
 517              	hdma_adc1:
 518 0000 00000000 		.space	96
 518      00000000 
 518      00000000 
 518      00000000 
 518      00000000 
 519              		.text
 520              	.Letext0:
 521              		.file 2 "c:\\tools\\arm\\arm-none-eabi\\include\\machine\\_default_types.h"
 522              		.file 3 "c:\\tools\\arm\\arm-none-eabi\\include\\sys\\_stdint.h"
 523              		.file 4 "Drivers/CMSIS/Device/ST/STM32F4xx/Include/stm32f401xe.h"
 524              		.file 5 "Drivers/CMSIS/Device/ST/STM32F4xx/Include/stm32f4xx.h"
 525              		.file 6 "Drivers/STM32F4xx_HAL_Driver/Inc/stm32f4xx_hal_def.h"
 526              		.file 7 "Drivers/STM32F4xx_HAL_Driver/Inc/stm32f4xx_hal_gpio.h"
 527              		.file 8 "Drivers/STM32F4xx_HAL_Driver/Inc/stm32f4xx_hal_dma.h"
 528              		.file 9 "Drivers/STM32F4xx_HAL_Driver/Inc/stm32f4xx_hal_adc.h"
 529              		.file 10 "Core/Inc/adc.h"
 530              		.file 11 "Core/Inc/main.h"
ARM GAS  C:\Users\green\AppData\Local\Temp\ccbjmDDU.s 			page 15


DEFINED SYMBOLS
                            *ABS*:00000000 adc.c
C:\Users\green\AppData\Local\Temp\ccbjmDDU.s:20     .text.MX_ADC1_Init:00000000 $t
C:\Users\green\AppData\Local\Temp\ccbjmDDU.s:26     .text.MX_ADC1_Init:00000000 MX_ADC1_Init
C:\Users\green\AppData\Local\Temp\ccbjmDDU.s:230    .text.MX_ADC1_Init:000000d0 $d
C:\Users\green\AppData\Local\Temp\ccbjmDDU.s:236    .text.HAL_ADC_MspInit:00000000 $t
C:\Users\green\AppData\Local\Temp\ccbjmDDU.s:242    .text.HAL_ADC_MspInit:00000000 HAL_ADC_MspInit
C:\Users\green\AppData\Local\Temp\ccbjmDDU.s:431    .text.HAL_ADC_MspInit:000000c0 $d
C:\Users\green\AppData\Local\Temp\ccbjmDDU.s:439    .text.HAL_ADC_MspDeInit:00000000 $t
C:\Users\green\AppData\Local\Temp\ccbjmDDU.s:445    .text.HAL_ADC_MspDeInit:00000000 HAL_ADC_MspDeInit
C:\Users\green\AppData\Local\Temp\ccbjmDDU.s:496    .text.HAL_ADC_MspDeInit:00000030 $d
C:\Users\green\AppData\Local\Temp\ccbjmDDU.s:517    .bss.hdma_adc1:00000000 hdma_adc1
C:\Users\green\AppData\Local\Temp\ccbjmDDU.s:510    .bss.hadc1:00000000 hadc1
C:\Users\green\AppData\Local\Temp\ccbjmDDU.s:506    .bss.hadc1:00000000 $d
C:\Users\green\AppData\Local\Temp\ccbjmDDU.s:513    .bss.hdma_adc1:00000000 $d

UNDEFINED SYMBOLS
HAL_ADC_Init
HAL_ADC_ConfigChannel
Error_Handler
HAL_GPIO_Init
HAL_DMA_Init
HAL_GPIO_DeInit
HAL_DMA_DeInit
