ARM GAS  C:\Users\green\AppData\Local\Temp\ccSqsYFy.s 			page 1


   1              		.cpu cortex-m4
   2              		.arch armv7e-m
   3              		.fpu fpv4-sp-d16
   4              		.eabi_attribute 27, 1
   5              		.eabi_attribute 28, 1
   6              		.eabi_attribute 20, 1
   7              		.eabi_attribute 21, 1
   8              		.eabi_attribute 23, 3
   9              		.eabi_attribute 24, 1
  10              		.eabi_attribute 25, 1
  11              		.eabi_attribute 26, 1
  12              		.eabi_attribute 30, 1
  13              		.eabi_attribute 34, 1
  14              		.eabi_attribute 18, 4
  15              		.file	"usart.c"
  16              		.text
  17              	.Ltext0:
  18              		.cfi_sections	.debug_frame
  19              		.section	.text.MX_USART2_UART_Init,"ax",%progbits
  20              		.align	1
  21              		.global	MX_USART2_UART_Init
  22              		.syntax unified
  23              		.thumb
  24              		.thumb_func
  26              	MX_USART2_UART_Init:
  27              	.LFB216:
  28              		.file 1 "Core/Src/usart.c"
   1:Core/Src/usart.c **** /* USER CODE BEGIN Header */
   2:Core/Src/usart.c **** /**
   3:Core/Src/usart.c ****   ******************************************************************************
   4:Core/Src/usart.c ****   * @file    usart.c
   5:Core/Src/usart.c ****   * @brief   This file provides code for the configuration
   6:Core/Src/usart.c ****   *          of the USART instances.
   7:Core/Src/usart.c ****   ******************************************************************************
   8:Core/Src/usart.c ****   * @attention
   9:Core/Src/usart.c ****   *
  10:Core/Src/usart.c ****   * Copyright (c) 2022 STMicroelectronics.
  11:Core/Src/usart.c ****   * All rights reserved.
  12:Core/Src/usart.c ****   *
  13:Core/Src/usart.c ****   * This software is licensed under terms that can be found in the LICENSE file
  14:Core/Src/usart.c ****   * in the root directory of this software component.
  15:Core/Src/usart.c ****   * If no LICENSE file comes with this software, it is provided AS-IS.
  16:Core/Src/usart.c ****   *
  17:Core/Src/usart.c ****   ******************************************************************************
  18:Core/Src/usart.c ****   */
  19:Core/Src/usart.c **** /* USER CODE END Header */
  20:Core/Src/usart.c **** /* Includes ------------------------------------------------------------------*/
  21:Core/Src/usart.c **** #include "usart.h"
  22:Core/Src/usart.c **** 
  23:Core/Src/usart.c **** /* USER CODE BEGIN 0 */
  24:Core/Src/usart.c **** 
  25:Core/Src/usart.c **** /* USER CODE END 0 */
  26:Core/Src/usart.c **** 
  27:Core/Src/usart.c **** UART_HandleTypeDef huart2;
  28:Core/Src/usart.c **** 
  29:Core/Src/usart.c **** /* USART2 init function */
  30:Core/Src/usart.c **** 
ARM GAS  C:\Users\green\AppData\Local\Temp\ccSqsYFy.s 			page 2


  31:Core/Src/usart.c **** void MX_USART2_UART_Init(void)
  32:Core/Src/usart.c **** {
  29              		.loc 1 32 1 view -0
  30              		.cfi_startproc
  31              		@ args = 0, pretend = 0, frame = 0
  32              		@ frame_needed = 0, uses_anonymous_args = 0
  33 0000 08B5     		push	{r3, lr}
  34              	.LCFI0:
  35              		.cfi_def_cfa_offset 8
  36              		.cfi_offset 3, -8
  37              		.cfi_offset 14, -4
  33:Core/Src/usart.c **** 
  34:Core/Src/usart.c ****   /* USER CODE BEGIN USART2_Init 0 */
  35:Core/Src/usart.c **** 
  36:Core/Src/usart.c ****   /* USER CODE END USART2_Init 0 */
  37:Core/Src/usart.c **** 
  38:Core/Src/usart.c ****   /* USER CODE BEGIN USART2_Init 1 */
  39:Core/Src/usart.c **** 
  40:Core/Src/usart.c ****   /* USER CODE END USART2_Init 1 */
  41:Core/Src/usart.c ****   huart2.Instance = USART2;
  38              		.loc 1 41 3 view .LVU1
  39              		.loc 1 41 19 is_stmt 0 view .LVU2
  40 0002 0A48     		ldr	r0, .L5
  41 0004 0A4B     		ldr	r3, .L5+4
  42 0006 0360     		str	r3, [r0]
  42:Core/Src/usart.c ****   huart2.Init.BaudRate = 115200;
  43              		.loc 1 42 3 is_stmt 1 view .LVU3
  44              		.loc 1 42 24 is_stmt 0 view .LVU4
  45 0008 4FF4E133 		mov	r3, #115200
  46 000c 4360     		str	r3, [r0, #4]
  43:Core/Src/usart.c ****   huart2.Init.WordLength = UART_WORDLENGTH_8B;
  47              		.loc 1 43 3 is_stmt 1 view .LVU5
  48              		.loc 1 43 26 is_stmt 0 view .LVU6
  49 000e 0023     		movs	r3, #0
  50 0010 8360     		str	r3, [r0, #8]
  44:Core/Src/usart.c ****   huart2.Init.StopBits = UART_STOPBITS_1;
  51              		.loc 1 44 3 is_stmt 1 view .LVU7
  52              		.loc 1 44 24 is_stmt 0 view .LVU8
  53 0012 C360     		str	r3, [r0, #12]
  45:Core/Src/usart.c ****   huart2.Init.Parity = UART_PARITY_NONE;
  54              		.loc 1 45 3 is_stmt 1 view .LVU9
  55              		.loc 1 45 22 is_stmt 0 view .LVU10
  56 0014 0361     		str	r3, [r0, #16]
  46:Core/Src/usart.c ****   huart2.Init.Mode = UART_MODE_TX_RX;
  57              		.loc 1 46 3 is_stmt 1 view .LVU11
  58              		.loc 1 46 20 is_stmt 0 view .LVU12
  59 0016 0C22     		movs	r2, #12
  60 0018 4261     		str	r2, [r0, #20]
  47:Core/Src/usart.c ****   huart2.Init.HwFlowCtl = UART_HWCONTROL_NONE;
  61              		.loc 1 47 3 is_stmt 1 view .LVU13
  62              		.loc 1 47 25 is_stmt 0 view .LVU14
  63 001a 8361     		str	r3, [r0, #24]
  48:Core/Src/usart.c ****   huart2.Init.OverSampling = UART_OVERSAMPLING_16;
  64              		.loc 1 48 3 is_stmt 1 view .LVU15
  65              		.loc 1 48 28 is_stmt 0 view .LVU16
  66 001c C361     		str	r3, [r0, #28]
  49:Core/Src/usart.c ****   if (HAL_UART_Init(&huart2) != HAL_OK)
ARM GAS  C:\Users\green\AppData\Local\Temp\ccSqsYFy.s 			page 3


  67              		.loc 1 49 3 is_stmt 1 view .LVU17
  68              		.loc 1 49 7 is_stmt 0 view .LVU18
  69 001e FFF7FEFF 		bl	HAL_UART_Init
  70              	.LVL0:
  71              		.loc 1 49 6 view .LVU19
  72 0022 00B9     		cbnz	r0, .L4
  73              	.L1:
  50:Core/Src/usart.c ****   {
  51:Core/Src/usart.c ****     Error_Handler();
  52:Core/Src/usart.c ****   }
  53:Core/Src/usart.c ****   /* USER CODE BEGIN USART2_Init 2 */
  54:Core/Src/usart.c **** 
  55:Core/Src/usart.c ****   /* USER CODE END USART2_Init 2 */
  56:Core/Src/usart.c **** 
  57:Core/Src/usart.c **** }
  74              		.loc 1 57 1 view .LVU20
  75 0024 08BD     		pop	{r3, pc}
  76              	.L4:
  51:Core/Src/usart.c ****   }
  77              		.loc 1 51 5 is_stmt 1 view .LVU21
  78 0026 FFF7FEFF 		bl	Error_Handler
  79              	.LVL1:
  80              		.loc 1 57 1 is_stmt 0 view .LVU22
  81 002a FBE7     		b	.L1
  82              	.L6:
  83              		.align	2
  84              	.L5:
  85 002c 00000000 		.word	.LANCHOR0
  86 0030 00440040 		.word	1073759232
  87              		.cfi_endproc
  88              	.LFE216:
  90              		.section	.text.HAL_UART_MspInit,"ax",%progbits
  91              		.align	1
  92              		.global	HAL_UART_MspInit
  93              		.syntax unified
  94              		.thumb
  95              		.thumb_func
  97              	HAL_UART_MspInit:
  98              	.LVL2:
  99              	.LFB217:
  58:Core/Src/usart.c **** 
  59:Core/Src/usart.c **** void HAL_UART_MspInit(UART_HandleTypeDef* uartHandle)
  60:Core/Src/usart.c **** {
 100              		.loc 1 60 1 is_stmt 1 view -0
 101              		.cfi_startproc
 102              		@ args = 0, pretend = 0, frame = 32
 103              		@ frame_needed = 0, uses_anonymous_args = 0
 104              		.loc 1 60 1 is_stmt 0 view .LVU24
 105 0000 00B5     		push	{lr}
 106              	.LCFI1:
 107              		.cfi_def_cfa_offset 4
 108              		.cfi_offset 14, -4
 109 0002 89B0     		sub	sp, sp, #36
 110              	.LCFI2:
 111              		.cfi_def_cfa_offset 40
  61:Core/Src/usart.c **** 
  62:Core/Src/usart.c ****   GPIO_InitTypeDef GPIO_InitStruct = {0};
ARM GAS  C:\Users\green\AppData\Local\Temp\ccSqsYFy.s 			page 4


 112              		.loc 1 62 3 is_stmt 1 view .LVU25
 113              		.loc 1 62 20 is_stmt 0 view .LVU26
 114 0004 0023     		movs	r3, #0
 115 0006 0393     		str	r3, [sp, #12]
 116 0008 0493     		str	r3, [sp, #16]
 117 000a 0593     		str	r3, [sp, #20]
 118 000c 0693     		str	r3, [sp, #24]
 119 000e 0793     		str	r3, [sp, #28]
  63:Core/Src/usart.c ****   if(uartHandle->Instance==USART2)
 120              		.loc 1 63 3 is_stmt 1 view .LVU27
 121              		.loc 1 63 16 is_stmt 0 view .LVU28
 122 0010 0268     		ldr	r2, [r0]
 123              		.loc 1 63 5 view .LVU29
 124 0012 144B     		ldr	r3, .L11
 125 0014 9A42     		cmp	r2, r3
 126 0016 02D0     		beq	.L10
 127              	.LVL3:
 128              	.L7:
  64:Core/Src/usart.c ****   {
  65:Core/Src/usart.c ****   /* USER CODE BEGIN USART2_MspInit 0 */
  66:Core/Src/usart.c **** 
  67:Core/Src/usart.c ****   /* USER CODE END USART2_MspInit 0 */
  68:Core/Src/usart.c ****     /* USART2 clock enable */
  69:Core/Src/usart.c ****     __HAL_RCC_USART2_CLK_ENABLE();
  70:Core/Src/usart.c **** 
  71:Core/Src/usart.c ****     __HAL_RCC_GPIOA_CLK_ENABLE();
  72:Core/Src/usart.c ****     /**USART2 GPIO Configuration
  73:Core/Src/usart.c ****     PA2     ------> USART2_TX
  74:Core/Src/usart.c ****     PA3     ------> USART2_RX
  75:Core/Src/usart.c ****     */
  76:Core/Src/usart.c ****     GPIO_InitStruct.Pin = USART_TX_Pin|USART_RX_Pin;
  77:Core/Src/usart.c ****     GPIO_InitStruct.Mode = GPIO_MODE_AF_PP;
  78:Core/Src/usart.c ****     GPIO_InitStruct.Pull = GPIO_NOPULL;
  79:Core/Src/usart.c ****     GPIO_InitStruct.Speed = GPIO_SPEED_FREQ_LOW;
  80:Core/Src/usart.c ****     GPIO_InitStruct.Alternate = GPIO_AF7_USART2;
  81:Core/Src/usart.c ****     HAL_GPIO_Init(GPIOA, &GPIO_InitStruct);
  82:Core/Src/usart.c **** 
  83:Core/Src/usart.c ****   /* USER CODE BEGIN USART2_MspInit 1 */
  84:Core/Src/usart.c **** 
  85:Core/Src/usart.c ****   /* USER CODE END USART2_MspInit 1 */
  86:Core/Src/usart.c ****   }
  87:Core/Src/usart.c **** }
 129              		.loc 1 87 1 view .LVU30
 130 0018 09B0     		add	sp, sp, #36
 131              	.LCFI3:
 132              		.cfi_remember_state
 133              		.cfi_def_cfa_offset 4
 134              		@ sp needed
 135 001a 5DF804FB 		ldr	pc, [sp], #4
 136              	.LVL4:
 137              	.L10:
 138              	.LCFI4:
 139              		.cfi_restore_state
  69:Core/Src/usart.c **** 
 140              		.loc 1 69 5 is_stmt 1 view .LVU31
 141              	.LBB2:
  69:Core/Src/usart.c **** 
ARM GAS  C:\Users\green\AppData\Local\Temp\ccSqsYFy.s 			page 5


 142              		.loc 1 69 5 view .LVU32
 143 001e 0021     		movs	r1, #0
 144 0020 0191     		str	r1, [sp, #4]
  69:Core/Src/usart.c **** 
 145              		.loc 1 69 5 view .LVU33
 146 0022 03F5FA33 		add	r3, r3, #128000
 147 0026 1A6C     		ldr	r2, [r3, #64]
 148 0028 42F40032 		orr	r2, r2, #131072
 149 002c 1A64     		str	r2, [r3, #64]
  69:Core/Src/usart.c **** 
 150              		.loc 1 69 5 view .LVU34
 151 002e 1A6C     		ldr	r2, [r3, #64]
 152 0030 02F40032 		and	r2, r2, #131072
 153 0034 0192     		str	r2, [sp, #4]
  69:Core/Src/usart.c **** 
 154              		.loc 1 69 5 view .LVU35
 155 0036 019A     		ldr	r2, [sp, #4]
 156              	.LBE2:
  69:Core/Src/usart.c **** 
 157              		.loc 1 69 5 view .LVU36
  71:Core/Src/usart.c ****     /**USART2 GPIO Configuration
 158              		.loc 1 71 5 view .LVU37
 159              	.LBB3:
  71:Core/Src/usart.c ****     /**USART2 GPIO Configuration
 160              		.loc 1 71 5 view .LVU38
 161 0038 0291     		str	r1, [sp, #8]
  71:Core/Src/usart.c ****     /**USART2 GPIO Configuration
 162              		.loc 1 71 5 view .LVU39
 163 003a 1A6B     		ldr	r2, [r3, #48]
 164 003c 42F00102 		orr	r2, r2, #1
 165 0040 1A63     		str	r2, [r3, #48]
  71:Core/Src/usart.c ****     /**USART2 GPIO Configuration
 166              		.loc 1 71 5 view .LVU40
 167 0042 1B6B     		ldr	r3, [r3, #48]
 168 0044 03F00103 		and	r3, r3, #1
 169 0048 0293     		str	r3, [sp, #8]
  71:Core/Src/usart.c ****     /**USART2 GPIO Configuration
 170              		.loc 1 71 5 view .LVU41
 171 004a 029B     		ldr	r3, [sp, #8]
 172              	.LBE3:
  71:Core/Src/usart.c ****     /**USART2 GPIO Configuration
 173              		.loc 1 71 5 view .LVU42
  76:Core/Src/usart.c ****     GPIO_InitStruct.Mode = GPIO_MODE_AF_PP;
 174              		.loc 1 76 5 view .LVU43
  76:Core/Src/usart.c ****     GPIO_InitStruct.Mode = GPIO_MODE_AF_PP;
 175              		.loc 1 76 25 is_stmt 0 view .LVU44
 176 004c 0C23     		movs	r3, #12
 177 004e 0393     		str	r3, [sp, #12]
  77:Core/Src/usart.c ****     GPIO_InitStruct.Pull = GPIO_NOPULL;
 178              		.loc 1 77 5 is_stmt 1 view .LVU45
  77:Core/Src/usart.c ****     GPIO_InitStruct.Pull = GPIO_NOPULL;
 179              		.loc 1 77 26 is_stmt 0 view .LVU46
 180 0050 0223     		movs	r3, #2
 181 0052 0493     		str	r3, [sp, #16]
  78:Core/Src/usart.c ****     GPIO_InitStruct.Speed = GPIO_SPEED_FREQ_LOW;
 182              		.loc 1 78 5 is_stmt 1 view .LVU47
  79:Core/Src/usart.c ****     GPIO_InitStruct.Alternate = GPIO_AF7_USART2;
ARM GAS  C:\Users\green\AppData\Local\Temp\ccSqsYFy.s 			page 6


 183              		.loc 1 79 5 view .LVU48
  80:Core/Src/usart.c ****     HAL_GPIO_Init(GPIOA, &GPIO_InitStruct);
 184              		.loc 1 80 5 view .LVU49
  80:Core/Src/usart.c ****     HAL_GPIO_Init(GPIOA, &GPIO_InitStruct);
 185              		.loc 1 80 31 is_stmt 0 view .LVU50
 186 0054 0723     		movs	r3, #7
 187 0056 0793     		str	r3, [sp, #28]
  81:Core/Src/usart.c **** 
 188              		.loc 1 81 5 is_stmt 1 view .LVU51
 189 0058 03A9     		add	r1, sp, #12
 190 005a 0348     		ldr	r0, .L11+4
 191              	.LVL5:
  81:Core/Src/usart.c **** 
 192              		.loc 1 81 5 is_stmt 0 view .LVU52
 193 005c FFF7FEFF 		bl	HAL_GPIO_Init
 194              	.LVL6:
 195              		.loc 1 87 1 view .LVU53
 196 0060 DAE7     		b	.L7
 197              	.L12:
 198 0062 00BF     		.align	2
 199              	.L11:
 200 0064 00440040 		.word	1073759232
 201 0068 00000240 		.word	1073872896
 202              		.cfi_endproc
 203              	.LFE217:
 205              		.section	.text.HAL_UART_MspDeInit,"ax",%progbits
 206              		.align	1
 207              		.global	HAL_UART_MspDeInit
 208              		.syntax unified
 209              		.thumb
 210              		.thumb_func
 212              	HAL_UART_MspDeInit:
 213              	.LVL7:
 214              	.LFB218:
  88:Core/Src/usart.c **** 
  89:Core/Src/usart.c **** void HAL_UART_MspDeInit(UART_HandleTypeDef* uartHandle)
  90:Core/Src/usart.c **** {
 215              		.loc 1 90 1 is_stmt 1 view -0
 216              		.cfi_startproc
 217              		@ args = 0, pretend = 0, frame = 0
 218              		@ frame_needed = 0, uses_anonymous_args = 0
 219              		.loc 1 90 1 is_stmt 0 view .LVU55
 220 0000 08B5     		push	{r3, lr}
 221              	.LCFI5:
 222              		.cfi_def_cfa_offset 8
 223              		.cfi_offset 3, -8
 224              		.cfi_offset 14, -4
  91:Core/Src/usart.c **** 
  92:Core/Src/usart.c ****   if(uartHandle->Instance==USART2)
 225              		.loc 1 92 3 is_stmt 1 view .LVU56
 226              		.loc 1 92 16 is_stmt 0 view .LVU57
 227 0002 0268     		ldr	r2, [r0]
 228              		.loc 1 92 5 view .LVU58
 229 0004 064B     		ldr	r3, .L17
 230 0006 9A42     		cmp	r2, r3
 231 0008 00D0     		beq	.L16
 232              	.LVL8:
ARM GAS  C:\Users\green\AppData\Local\Temp\ccSqsYFy.s 			page 7


 233              	.L13:
  93:Core/Src/usart.c ****   {
  94:Core/Src/usart.c ****   /* USER CODE BEGIN USART2_MspDeInit 0 */
  95:Core/Src/usart.c **** 
  96:Core/Src/usart.c ****   /* USER CODE END USART2_MspDeInit 0 */
  97:Core/Src/usart.c ****     /* Peripheral clock disable */
  98:Core/Src/usart.c ****     __HAL_RCC_USART2_CLK_DISABLE();
  99:Core/Src/usart.c **** 
 100:Core/Src/usart.c ****     /**USART2 GPIO Configuration
 101:Core/Src/usart.c ****     PA2     ------> USART2_TX
 102:Core/Src/usart.c ****     PA3     ------> USART2_RX
 103:Core/Src/usart.c ****     */
 104:Core/Src/usart.c ****     HAL_GPIO_DeInit(GPIOA, USART_TX_Pin|USART_RX_Pin);
 105:Core/Src/usart.c **** 
 106:Core/Src/usart.c ****   /* USER CODE BEGIN USART2_MspDeInit 1 */
 107:Core/Src/usart.c **** 
 108:Core/Src/usart.c ****   /* USER CODE END USART2_MspDeInit 1 */
 109:Core/Src/usart.c ****   }
 110:Core/Src/usart.c **** }
 234              		.loc 1 110 1 view .LVU59
 235 000a 08BD     		pop	{r3, pc}
 236              	.LVL9:
 237              	.L16:
  98:Core/Src/usart.c **** 
 238              		.loc 1 98 5 is_stmt 1 view .LVU60
 239 000c 054A     		ldr	r2, .L17+4
 240 000e 136C     		ldr	r3, [r2, #64]
 241 0010 23F40033 		bic	r3, r3, #131072
 242 0014 1364     		str	r3, [r2, #64]
 104:Core/Src/usart.c **** 
 243              		.loc 1 104 5 view .LVU61
 244 0016 0C21     		movs	r1, #12
 245 0018 0348     		ldr	r0, .L17+8
 246              	.LVL10:
 104:Core/Src/usart.c **** 
 247              		.loc 1 104 5 is_stmt 0 view .LVU62
 248 001a FFF7FEFF 		bl	HAL_GPIO_DeInit
 249              	.LVL11:
 250              		.loc 1 110 1 view .LVU63
 251 001e F4E7     		b	.L13
 252              	.L18:
 253              		.align	2
 254              	.L17:
 255 0020 00440040 		.word	1073759232
 256 0024 00380240 		.word	1073887232
 257 0028 00000240 		.word	1073872896
 258              		.cfi_endproc
 259              	.LFE218:
 261              		.global	huart2
 262              		.section	.bss.huart2,"aw",%nobits
 263              		.align	2
 264              		.set	.LANCHOR0,. + 0
 267              	huart2:
 268 0000 00000000 		.space	68
 268      00000000 
 268      00000000 
 268      00000000 
ARM GAS  C:\Users\green\AppData\Local\Temp\ccSqsYFy.s 			page 8


 268      00000000 
 269              		.text
 270              	.Letext0:
 271              		.file 2 "c:\\tools\\arm\\arm-none-eabi\\include\\machine\\_default_types.h"
 272              		.file 3 "c:\\tools\\arm\\arm-none-eabi\\include\\sys\\_stdint.h"
 273              		.file 4 "Drivers/CMSIS/Device/ST/STM32F4xx/Include/stm32f401xe.h"
 274              		.file 5 "Drivers/STM32F4xx_HAL_Driver/Inc/stm32f4xx_hal_def.h"
 275              		.file 6 "Drivers/STM32F4xx_HAL_Driver/Inc/stm32f4xx_hal_gpio.h"
 276              		.file 7 "Drivers/STM32F4xx_HAL_Driver/Inc/stm32f4xx_hal_dma.h"
 277              		.file 8 "Drivers/STM32F4xx_HAL_Driver/Inc/stm32f4xx_hal_uart.h"
 278              		.file 9 "Core/Inc/main.h"
 279              		.file 10 "Core/Inc/usart.h"
ARM GAS  C:\Users\green\AppData\Local\Temp\ccSqsYFy.s 			page 9


DEFINED SYMBOLS
                            *ABS*:00000000 usart.c
C:\Users\green\AppData\Local\Temp\ccSqsYFy.s:20     .text.MX_USART2_UART_Init:00000000 $t
C:\Users\green\AppData\Local\Temp\ccSqsYFy.s:26     .text.MX_USART2_UART_Init:00000000 MX_USART2_UART_Init
C:\Users\green\AppData\Local\Temp\ccSqsYFy.s:85     .text.MX_USART2_UART_Init:0000002c $d
C:\Users\green\AppData\Local\Temp\ccSqsYFy.s:91     .text.HAL_UART_MspInit:00000000 $t
C:\Users\green\AppData\Local\Temp\ccSqsYFy.s:97     .text.HAL_UART_MspInit:00000000 HAL_UART_MspInit
C:\Users\green\AppData\Local\Temp\ccSqsYFy.s:200    .text.HAL_UART_MspInit:00000064 $d
C:\Users\green\AppData\Local\Temp\ccSqsYFy.s:206    .text.HAL_UART_MspDeInit:00000000 $t
C:\Users\green\AppData\Local\Temp\ccSqsYFy.s:212    .text.HAL_UART_MspDeInit:00000000 HAL_UART_MspDeInit
C:\Users\green\AppData\Local\Temp\ccSqsYFy.s:255    .text.HAL_UART_MspDeInit:00000020 $d
C:\Users\green\AppData\Local\Temp\ccSqsYFy.s:267    .bss.huart2:00000000 huart2
C:\Users\green\AppData\Local\Temp\ccSqsYFy.s:263    .bss.huart2:00000000 $d

UNDEFINED SYMBOLS
HAL_UART_Init
Error_Handler
HAL_GPIO_Init
HAL_GPIO_DeInit
